2025-04-11 19:16:37,564 - ERROR - ヒストリカルデータ取得エラー: 404 Client Error: HTTP 404 for url: https://api.finage.co.uk/agg/etf/QQQ/1/day?apikey=API_KEY9eY1D83WN8MEGZIG6T65RCOHZV2NZI76&from=2025-03-12&to=2025-04-11&limit=5000 - URL: https://api.finage.co.uk/agg/etf/QQQ/1/day
2025-04-11 19:16:38,601 - ERROR - 最新価格取得エラー: 401 Client Error: HTTP 401 for url: https://api.finage.co.uk/last/etf/QQQ?apikey=API_KEY9eY1D83WN8MEGZIG6T65RCOHZV2NZI76 - URL: https://api.finage.co.uk/last/etf/QQQ
2025-04-11 19:16:39,677 - ERROR - ヒストリカルデータ取得エラー: 404 Client Error: HTTP 404 for url: https://api.finage.co.uk/agg/stock-index/%5EGSPC/1/day?apikey=API_KEY9eY1D83WN8MEGZIG6T65RCOHZV2NZI76&from=2025-03-12&to=2025-04-11&limit=5000 - URL: https://api.finage.co.uk/agg/stock-index/^GSPC/1/day
2025-04-11 19:16:40,729 - ERROR - 最新価格取得エラー: 401 Client Error: HTTP 401 for url: https://api.finage.co.uk/last/stock-index/%5EGSPC?apikey=API_KEY9eY1D83WN8MEGZIG6T65RCOHZV2NZI76 - URL: https://api.finage.co.uk/last/stock-index/^GSPC
2025-04-11 19:16:41,734 - ERROR - ヒストリカルデータ取得エラー: 404 Client Error: HTTP 404 for url: https://api.finage.co.uk/agg/commodity/XAUUSD/1/day?apikey=API_KEY9eY1D83WN8MEGZIG6T65RCOHZV2NZI76&from=2025-03-12&to=2025-04-11&limit=5000 - URL: https://api.finage.co.uk/agg/commodity/XAUUSD/1/day
2025-04-11 19:16:42,847 - ERROR - 最新価格取得エラー: 401 Client Error: HTTP 401 for url: https://api.finage.co.uk/last/commodity/XAUUSD?apikey=API_KEY9eY1D83WN8MEGZIG6T65RCOHZV2NZI76 - URL: https://api.finage.co.uk/last/commodity/XAUUSD
2025-04-11 19:19:50,512 - ERROR - ヒストリカルデータ取得エラー: 404 Client Error: HTTP 404 for url: https://api.finage.co.uk/agg/stock/AAPL/1/day?apikey=API_KEY9eY1D83WN8MEGZIG6T65RCOHZV2NZI76&from=2025-03-12&to=2025-04-11&limit=5000 - URL: https://api.finage.co.uk/agg/stock/AAPL/1/day
2025-04-11 19:19:52,586 - ERROR - ヒストリカルデータ取得エラー: 404 Client Error: HTTP 404 for url: https://api.finage.co.uk/agg/forex/GBPUSD/1/day?apikey=API_KEY9eY1D83WN8MEGZIG6T65RCOHZV2NZI76&from=2025-03-12&to=2025-04-11&limit=5000 - URL: https://api.finage.co.uk/agg/forex/GBPUSD/1/day
2025-04-11 19:19:54,638 - ERROR - ヒストリカルデータ取得エラー: 404 Client Error: HTTP 404 for url: https://api.finage.co.uk/agg/crypto/BTCUSD/1/day?apikey=API_KEY9eY1D83WN8MEGZIG6T65RCOHZV2NZI76&from=2025-03-12&to=2025-04-11&limit=5000 - URL: https://api.finage.co.uk/agg/crypto/BTCUSD/1/day
2025-04-11 19:19:55,671 - ERROR - 最新価格取得エラー: 401 Client Error: HTTP 401 for url: https://api.finage.co.uk/last/stock-index/%5EGSPC?apikey=API_KEY9eY1D83WN8MEGZIG6T65RCOHZV2NZI76 - URL: https://api.finage.co.uk/last/stock-index/%5EGSPC
2025-04-11 19:19:56,717 - ERROR - ヒストリカルデータ取得エラー: 404 Client Error: HTTP 404 for url: https://api.finage.co.uk/agg/stock-index/%5EGSPC/1/day?apikey=API_KEY9eY1D83WN8MEGZIG6T65RCOHZV2NZI76&from=2025-03-12&to=2025-04-11&limit=5000 - URL: https://api.finage.co.uk/agg/stock-index/%5EGSPC/1/day
2025-04-11 19:21:37,786 - ERROR - ヒストリカルデータ取得エラー: 404 Client Error: HTTP 404 for url: https://api.finage.co.uk/agg/stock/AAPL/1/day?apikey=API_KEY9eY1D83WN8MEGZIG6T65RCOHZV2NZI76&from=2025-03-12&to=2025-04-11&limit=5000 - URL: https://api.finage.co.uk/agg/stock/AAPL/1/day
2025-04-11 19:21:39,879 - ERROR - ヒストリカルデータ取得エラー: 404 Client Error: HTTP 404 for url: https://api.finage.co.uk/agg/forex/GBPUSD/1/day?apikey=API_KEY9eY1D83WN8MEGZIG6T65RCOHZV2NZI76&from=2025-03-12&to=2025-04-11&limit=5000 - URL: https://api.finage.co.uk/agg/forex/GBPUSD/1/day
2025-04-11 19:21:42,010 - ERROR - ヒストリカルデータ取得エラー: 404 Client Error: HTTP 404 for url: https://api.finage.co.uk/agg/crypto/BTCUSD/1/day?apikey=API_KEY9eY1D83WN8MEGZIG6T65RCOHZV2NZI76&from=2025-03-12&to=2025-04-11&limit=5000 - URL: https://api.finage.co.uk/agg/crypto/BTCUSD/1/day
2025-04-11 19:21:43,020 - ERROR - 最新価格取得エラー: 401 Client Error: HTTP 401 for url: https://api.finage.co.uk/last/stock-index/%5EGSPC?apikey=API_KEY9eY1D83WN8MEGZIG6T65RCOHZV2NZI76 - URL: https://api.finage.co.uk/last/stock-index/%5EGSPC
2025-04-11 19:21:44,037 - ERROR - ヒストリカルデータ取得エラー: 404 Client Error: HTTP 404 for url: https://api.finage.co.uk/agg/stock-index/%5EGSPC/1/day?apikey=API_KEY9eY1D83WN8MEGZIG6T65RCOHZV2NZI76&from=2025-03-12&to=2025-04-11&limit=5000 - URL: https://api.finage.co.uk/agg/stock-index/%5EGSPC/1/day
2025-04-11 19:33:26,012 - ERROR - ヒストリカルデータ取得エラー: 401 Client Error: HTTP 401 for url: https://api.finage.co.uk/agg/stock/equity/AAPL/1/day?from=2025-03-12&to=2025-04-11&adjustments=split_dividends
2025-04-11 19:33:27,030 - ERROR - ヒストリカルデータ取得エラー: 401 Client Error: HTTP 401 for url: https://api.finage.co.uk/agg/forex/pair/GBPUSD/1/day?from=2025-03-12&to=2025-04-11&adjustments=split_dividends
2025-04-11 19:33:28,014 - ERROR - ヒストリカルデータ取得エラー: 404 Client Error: HTTP 404 for url: https://api.finage.co.uk/agg/crypto/pair/BTCUSD/1/day?from=2025-03-12&to=2025-04-11&adjustments=split_dividends
2025-04-11 19:33:29,093 - ERROR - ヒストリカルデータ取得エラー: 401 Client Error: HTTP 401 for url: https://api.finage.co.uk/agg/index/global/%5EGSPC/1/day?from=2025-03-12&to=2025-04-11&adjustments=split_dividends
2025-04-11 19:34:33,462 - ERROR - ヒストリカルデータ取得エラー: 401 Client Error: HTTP 401 for url: https://api.finage.co.uk/agg/stock/equity/AAPL/1/day?from=2025-03-12&to=2025-04-11&adjustments=split_dividends
2025-04-11 19:34:34,516 - ERROR - ヒストリカルデータ取得エラー: 401 Client Error: HTTP 401 for url: https://api.finage.co.uk/agg/forex/pair/GBPUSD/1/day?from=2025-03-12&to=2025-04-11&adjustments=split_dividends
2025-04-11 19:34:35,570 - ERROR - ヒストリカルデータ取得エラー: 404 Client Error: HTTP 404 for url: https://api.finage.co.uk/agg/crypto/pair/BTCUSD/1/day?from=2025-03-12&to=2025-04-11&adjustments=split_dividends
2025-04-11 19:34:36,677 - ERROR - ヒストリカルデータ取得エラー: 401 Client Error: HTTP 401 for url: https://api.finage.co.uk/agg/index/global/%5EGSPC/1/day?from=2025-03-12&to=2025-04-11&adjustments=split_dividends
2025-04-11 19:34:59,320 - ERROR - ヒストリカルデータ取得エラー: 401 Client Error: HTTP 401 for url: https://api.finage.co.uk/agg/stock/equity/AAPL/1/day?from=2025-03-12&to=2025-04-11&adjustments=split_dividends
2025-04-11 19:35:00,394 - ERROR - ヒストリカルデータ取得エラー: 401 Client Error: HTTP 401 for url: https://api.finage.co.uk/agg/forex/pair/GBPUSD/1/day?from=2025-03-12&to=2025-04-11&adjustments=split_dividends
2025-04-11 19:35:01,382 - ERROR - ヒストリカルデータ取得エラー: 404 Client Error: HTTP 404 for url: https://api.finage.co.uk/agg/crypto/pair/BTCUSD/1/day?from=2025-03-12&to=2025-04-11&adjustments=split_dividends
2025-04-11 19:35:02,455 - ERROR - ヒストリカルデータ取得エラー: 401 Client Error: HTTP 401 for url: https://api.finage.co.uk/agg/index/global/%5EGSPC/1/day?from=2025-03-12&to=2025-04-11&adjustments=split_dividends
2025-04-11 19:35:33,227 - ERROR - ヒストリカルデータ取得エラー: 401 Client Error: HTTP 401 for url: https://api.finage.co.uk/agg/stock/equity/AAPL/1/day?from=2025-03-12&to=2025-04-11&adjustments=split_dividends
2025-04-11 19:35:34,239 - ERROR - ヒストリカルデータ取得エラー: 401 Client Error: HTTP 401 for url: https://api.finage.co.uk/agg/forex/pair/GBPUSD/1/day?from=2025-03-12&to=2025-04-11&adjustments=split_dividends
2025-04-11 19:35:35,260 - ERROR - ヒストリカルデータ取得エラー: 404 Client Error: HTTP 404 for url: https://api.finage.co.uk/agg/crypto/pair/BTCUSD/1/day?from=2025-03-12&to=2025-04-11&adjustments=split_dividends
2025-04-11 19:35:36,251 - ERROR - ヒストリカルデータ取得エラー: 401 Client Error: HTTP 401 for url: https://api.finage.co.uk/agg/index/global/%5EGSPC/1/day?from=2025-03-12&to=2025-04-11&adjustments=split_dividends
2025-04-11 19:35:46,893 - ERROR - ヒストリカルデータ取得エラー: 401 Client Error: HTTP 401 for url: https://api.finage.co.uk/agg/stock/equity/AAPL/1/day?from=2025-03-12&to=2025-04-11&adjustments=split_dividends
2025-04-11 19:35:47,948 - ERROR - ヒストリカルデータ取得エラー: 401 Client Error: HTTP 401 for url: https://api.finage.co.uk/agg/forex/pair/GBPUSD/1/day?from=2025-03-12&to=2025-04-11&adjustments=split_dividends
2025-04-11 19:35:49,002 - ERROR - ヒストリカルデータ取得エラー: 404 Client Error: HTTP 404 for url: https://api.finage.co.uk/agg/crypto/pair/BTCUSD/1/day?from=2025-03-12&to=2025-04-11&adjustments=split_dividends
2025-04-11 19:35:50,058 - ERROR - ヒストリカルデータ取得エラー: 401 Client Error: HTTP 401 for url: https://api.finage.co.uk/agg/index/global/%5EGSPC/1/day?from=2025-03-12&to=2025-04-11&adjustments=split_dividends
2025-04-11 19:54:21,161 - ERROR - APIリクエストエラー: 404 Client Error: HTTP 404 for url: https://api.finage.co.uk/agg/stock/AAPL/1day?apikey=API_KEY9eY1D83WN8MEGZIG6T65RCOHZV2NZI76&limit=5000
2025-04-11 19:54:22,222 - ERROR - APIリクエストエラー: 404 Client Error: HTTP 404 for url: https://api.finage.co.uk/agg/forex/GBPUSD/1day?apikey=API_KEY9eY1D83WN8MEGZIG6T65RCOHZV2NZI76&limit=5000
2025-04-11 19:54:23,252 - ERROR - APIリクエストエラー: 404 Client Error: HTTP 404 for url: https://api.finage.co.uk/agg/crypto/BTCUSD/1day?apikey=API_KEY9eY1D83WN8MEGZIG6T65RCOHZV2NZI76&limit=5000
2025-04-11 19:54:24,340 - ERROR - APIリクエストエラー: 401 Client Error: HTTP 401 for url: https://api.finage.co.uk/agg/index/%5EGSPC/1day/2025-03-12/2025-04-11?apikey=API_KEY9eY1D83WN8MEGZIG6T65RCOHZV2NZI76&limit=5000
2025-04-11 19:55:52,424 - ERROR - APIリクエストエラー: 404 Client Error: HTTP 404 for url: https://api.finage.co.uk/agg/stock/AAPL/1day?apikey=API_KEY9eY1D83WN8MEGZIG6T65RCOHZV2NZI76&limit=5000
2025-04-11 19:55:53,484 - ERROR - APIリクエストエラー: 404 Client Error: HTTP 404 for url: https://api.finage.co.uk/agg/forex/GBPUSD/1day?apikey=API_KEY9eY1D83WN8MEGZIG6T65RCOHZV2NZI76&limit=5000
2025-04-11 19:55:54,532 - ERROR - APIリクエストエラー: 404 Client Error: HTTP 404 for url: https://api.finage.co.uk/agg/crypto/BTCUSD/1day?apikey=API_KEY9eY1D83WN8MEGZIG6T65RCOHZV2NZI76&limit=5000
2025-04-11 19:55:55,589 - ERROR - APIリクエストエラー: 404 Client Error: HTTP 404 for url: https://api.finage.co.uk/agg/index/global/%5EGSPC/1day/2025-03-12/2025-04-11?apikey=API_KEY9eY1D83WN8MEGZIG6T65RCOHZV2NZI76&limit=5000
2025-04-11 19:59:12,285 - ERROR - 最新価格取得エラー: 401 Client Error: HTTP 401 for url: https://api.finage.co.uk/last/stock-index/%5EGSPC?apikey=API_KEY9eY1D83WN8MEGZIG6T65RCOHZV2NZI76 -  
